<?xml version="1.0" encoding="utf-8"?>
<coverage line-rate="0.9541" branch-rate="0.8845999999999999" version="1.9" timestamp="1728319406" lines-covered="250" lines-valid="262" branches-covered="23" branches-valid="26">
  <sources>
    <source>C:\Users\Morgan\source\repos\Firefly.BackendTest\</source>
  </sources>
  <packages>
    <package name="Api" line-rate="0.9506" branch-rate="0.8845999999999999" complexity="58">
      <classes>
        <class name="Api.Program" filename="Api\Program.cs" line-rate="0.9677" branch-rate="1" complexity="2">
          <methods>
            <method name="Main" signature="(System.String[])" line-rate="0.9677" branch-rate="1" complexity="2">
              <lines>
                <line number="12" hits="23" branch="False" />
                <line number="13" hits="23" branch="False" />
                <line number="17" hits="23" branch="False" />
                <line number="19" hits="23" branch="False" />
                <line number="20" hits="23" branch="False" />
                <line number="22" hits="23" branch="False" />
                <line number="23" hits="23" branch="False" />
                <line number="24" hits="46" branch="False" />
                <line number="25" hits="23" branch="False" />
                <line number="26" hits="23" branch="False" />
                <line number="27" hits="46" branch="False" />
                <line number="28" hits="92" branch="False" />
                <line number="29" hits="69" branch="False" />
                <line number="31" hits="23" branch="False" />
                <line number="33" hits="23" branch="False" />
                <line number="34" hits="23" branch="False" />
                <line number="35" hits="23" branch="False" />
                <line number="36" hits="46" branch="False" />
                <line number="38" hits="23" branch="False" />
                <line number="40" hits="23" branch="False" />
                <line number="43" hits="23" branch="False" />
                <line number="44" hits="23" branch="True" condition-coverage="100% (2/2)">
                  <conditions>
                    <condition number="269" type="jump" coverage="100%" />
                  </conditions>
                </line>
                <line number="45" hits="23" branch="False" />
                <line number="46" hits="23" branch="False" />
                <line number="47" hits="23" branch="False" />
                <line number="48" hits="23" branch="False" />
                <line number="50" hits="23" branch="False" />
                <line number="52" hits="23" branch="False" />
                <line number="54" hits="23" branch="False" />
                <line number="56" hits="23" branch="False" />
                <line number="57" hits="0" branch="False" />
              </lines>
            </method>
          </methods>
          <lines>
            <line number="12" hits="23" branch="False" />
            <line number="13" hits="23" branch="False" />
            <line number="17" hits="23" branch="False" />
            <line number="19" hits="23" branch="False" />
            <line number="20" hits="23" branch="False" />
            <line number="22" hits="23" branch="False" />
            <line number="23" hits="23" branch="False" />
            <line number="24" hits="46" branch="False" />
            <line number="25" hits="23" branch="False" />
            <line number="26" hits="23" branch="False" />
            <line number="27" hits="46" branch="False" />
            <line number="28" hits="92" branch="False" />
            <line number="29" hits="69" branch="False" />
            <line number="31" hits="23" branch="False" />
            <line number="33" hits="23" branch="False" />
            <line number="34" hits="23" branch="False" />
            <line number="35" hits="23" branch="False" />
            <line number="36" hits="46" branch="False" />
            <line number="38" hits="23" branch="False" />
            <line number="40" hits="23" branch="False" />
            <line number="43" hits="23" branch="False" />
            <line number="44" hits="23" branch="True" condition-coverage="100% (2/2)">
              <conditions>
                <condition number="269" type="jump" coverage="100%" />
              </conditions>
            </line>
            <line number="45" hits="23" branch="False" />
            <line number="46" hits="23" branch="False" />
            <line number="47" hits="23" branch="False" />
            <line number="48" hits="23" branch="False" />
            <line number="50" hits="23" branch="False" />
            <line number="52" hits="23" branch="False" />
            <line number="54" hits="23" branch="False" />
            <line number="56" hits="23" branch="False" />
            <line number="57" hits="0" branch="False" />
          </lines>
        </class>
        <class name="Api.Services.Implementation.ClassDataAccessService" filename="Api\Services\Implementation\ClassDataAccessService.cs" line-rate="1" branch-rate="1" complexity="1">
          <methods>
            <method name=".ctor" signature="(Database.ApiContext)" line-rate="1" branch-rate="1" complexity="1">
              <lines>
                <line number="13" hits="23" branch="False" />
                <line number="14" hits="23" branch="False" />
                <line number="15" hits="23" branch="False" />
                <line number="16" hits="23" branch="False" />
              </lines>
            </method>
          </methods>
          <lines>
            <line number="13" hits="23" branch="False" />
            <line number="14" hits="23" branch="False" />
            <line number="15" hits="23" branch="False" />
            <line number="16" hits="23" branch="False" />
          </lines>
        </class>
        <class name="Api.Services.Implementation.ClassDataAccessService/&lt;&gt;c__DisplayClass2_0" filename="Api\Services\Implementation\ClassDataAccessService.cs" line-rate="1" branch-rate="1" complexity="1">
          <methods>
            <method name="&lt;AssignClassAsync&gt;b__3" signature="(Domain.Model.Class)" line-rate="1" branch-rate="1" complexity="1">
              <lines>
                <line number="37" hits="7" branch="False" />
              </lines>
            </method>
          </methods>
          <lines>
            <line number="37" hits="7" branch="False" />
          </lines>
        </class>
        <class name="Api.Services.Implementation.ClassDataAccessService/&lt;AssignClassAsync&gt;d__2" filename="Api\Services\Implementation\ClassDataAccessService.cs" line-rate="0.8636" branch-rate="0.875" complexity="8">
          <methods>
            <method name="MoveNext" signature="()" line-rate="0.8636" branch-rate="0.875" complexity="8">
              <lines>
                <line number="19" hits="3" branch="False" />
                <line number="20" hits="3" branch="False" />
                <line number="22" hits="3" branch="True" condition-coverage="100% (2/2)">
                  <conditions>
                    <condition number="345" type="jump" coverage="100%" />
                  </conditions>
                </line>
                <line number="23" hits="1" branch="False" />
                <line number="24" hits="1" branch="False" />
                <line number="25" hits="1" branch="False" />
                <line number="28" hits="2" branch="False" />
                <line number="30" hits="2" branch="True" condition-coverage="50% (1/2)">
                  <conditions>
                    <condition number="747" type="jump" coverage="50%" />
                  </conditions>
                </line>
                <line number="31" hits="0" branch="False" />
                <line number="32" hits="0" branch="False" />
                <line number="33" hits="0" branch="False" />
                <line number="38" hits="2" branch="False" />
                <line number="39" hits="2" branch="True" condition-coverage="100% (2/2)">
                  <conditions>
                    <condition number="899" type="jump" coverage="100%" />
                  </conditions>
                </line>
                <line number="40" hits="1" branch="False" />
                <line number="41" hits="1" branch="False" />
                <line number="42" hits="1" branch="False" />
                <line number="45" hits="1" branch="False" />
                <line number="46" hits="1" branch="False" />
                <line number="48" hits="1" branch="False" />
                <line number="49" hits="1" branch="False" />
                <line number="51" hits="1" branch="False" />
                <line number="52" hits="3" branch="False" />
              </lines>
            </method>
          </methods>
          <lines>
            <line number="19" hits="3" branch="False" />
            <line number="20" hits="3" branch="False" />
            <line number="22" hits="3" branch="True" condition-coverage="100% (2/2)">
              <conditions>
                <condition number="345" type="jump" coverage="100%" />
              </conditions>
            </line>
            <line number="23" hits="1" branch="False" />
            <line number="24" hits="1" branch="False" />
            <line number="25" hits="1" branch="False" />
            <line number="28" hits="2" branch="False" />
            <line number="30" hits="2" branch="True" condition-coverage="50% (1/2)">
              <conditions>
                <condition number="747" type="jump" coverage="50%" />
              </conditions>
            </line>
            <line number="31" hits="0" branch="False" />
            <line number="32" hits="0" branch="False" />
            <line number="33" hits="0" branch="False" />
            <line number="38" hits="2" branch="False" />
            <line number="39" hits="2" branch="True" condition-coverage="100% (2/2)">
              <conditions>
                <condition number="899" type="jump" coverage="100%" />
              </conditions>
            </line>
            <line number="40" hits="1" branch="False" />
            <line number="41" hits="1" branch="False" />
            <line number="42" hits="1" branch="False" />
            <line number="45" hits="1" branch="False" />
            <line number="46" hits="1" branch="False" />
            <line number="48" hits="1" branch="False" />
            <line number="49" hits="1" branch="False" />
            <line number="51" hits="1" branch="False" />
            <line number="52" hits="3" branch="False" />
          </lines>
        </class>
        <class name="Api.Services.Implementation.ClassDataAccessService/&lt;CreateClassAsync&gt;d__3" filename="Api\Services\Implementation\ClassDataAccessService.cs" line-rate="1" branch-rate="1" complexity="1">
          <methods>
            <method name="MoveNext" signature="()" line-rate="1" branch-rate="1" complexity="1">
              <lines>
                <line number="55" hits="1" branch="False" />
                <line number="56" hits="1" branch="False" />
                <line number="57" hits="1" branch="False" />
                <line number="59" hits="1" branch="False" />
                <line number="60" hits="1" branch="False" />
              </lines>
            </method>
          </methods>
          <lines>
            <line number="55" hits="1" branch="False" />
            <line number="56" hits="1" branch="False" />
            <line number="57" hits="1" branch="False" />
            <line number="59" hits="1" branch="False" />
            <line number="60" hits="1" branch="False" />
          </lines>
        </class>
        <class name="Api.Services.Implementation.ClassDataAccessService/&lt;CreateStudentAsync&gt;d__4" filename="Api\Services\Implementation\ClassDataAccessService.cs" line-rate="1" branch-rate="1" complexity="1">
          <methods>
            <method name="MoveNext" signature="()" line-rate="1" branch-rate="1" complexity="1">
              <lines>
                <line number="63" hits="1" branch="False" />
                <line number="64" hits="1" branch="False" />
                <line number="65" hits="1" branch="False" />
                <line number="67" hits="1" branch="False" />
                <line number="68" hits="1" branch="False" />
              </lines>
            </method>
          </methods>
          <lines>
            <line number="63" hits="1" branch="False" />
            <line number="64" hits="1" branch="False" />
            <line number="65" hits="1" branch="False" />
            <line number="67" hits="1" branch="False" />
            <line number="68" hits="1" branch="False" />
          </lines>
        </class>
        <class name="Api.Services.Implementation.ClassDataAccessService/&lt;CreateTeacherAsync&gt;d__5" filename="Api\Services\Implementation\ClassDataAccessService.cs" line-rate="1" branch-rate="1" complexity="1">
          <methods>
            <method name="MoveNext" signature="()" line-rate="1" branch-rate="1" complexity="1">
              <lines>
                <line number="71" hits="1" branch="False" />
                <line number="72" hits="1" branch="False" />
                <line number="73" hits="1" branch="False" />
                <line number="75" hits="1" branch="False" />
                <line number="76" hits="1" branch="False" />
              </lines>
            </method>
          </methods>
          <lines>
            <line number="71" hits="1" branch="False" />
            <line number="72" hits="1" branch="False" />
            <line number="73" hits="1" branch="False" />
            <line number="75" hits="1" branch="False" />
            <line number="76" hits="1" branch="False" />
          </lines>
        </class>
        <class name="Api.Services.Implementation.ClassDataAccessService/&lt;EnrollStudentAsync&gt;d__6" filename="Api\Services\Implementation\ClassDataAccessService.cs" line-rate="0.85" branch-rate="0.8332999999999999" complexity="6">
          <methods>
            <method name="MoveNext" signature="()" line-rate="0.85" branch-rate="0.8332999999999999" complexity="6">
              <lines>
                <line number="79" hits="3" branch="False" />
                <line number="80" hits="3" branch="False" />
                <line number="82" hits="3" branch="True" condition-coverage="100% (2/2)">
                  <conditions>
                    <condition number="345" type="jump" coverage="100%" />
                  </conditions>
                </line>
                <line number="83" hits="1" branch="False" />
                <line number="84" hits="1" branch="False" />
                <line number="85" hits="1" branch="False" />
                <line number="88" hits="2" branch="False" />
                <line number="90" hits="2" branch="True" condition-coverage="50% (1/2)">
                  <conditions>
                    <condition number="685" type="jump" coverage="50%" />
                  </conditions>
                </line>
                <line number="91" hits="0" branch="False" />
                <line number="92" hits="0" branch="False" />
                <line number="93" hits="0" branch="False" />
                <line number="96" hits="2" branch="True" condition-coverage="100% (2/2)">
                  <conditions>
                    <condition number="801" type="jump" coverage="100%" />
                  </conditions>
                </line>
                <line number="97" hits="1" branch="False" />
                <line number="98" hits="1" branch="False" />
                <line number="99" hits="1" branch="False" />
                <line number="102" hits="1" branch="False" />
                <line number="103" hits="1" branch="False" />
                <line number="105" hits="1" branch="False" />
                <line number="107" hits="1" branch="False" />
                <line number="108" hits="3" branch="False" />
              </lines>
            </method>
          </methods>
          <lines>
            <line number="79" hits="3" branch="False" />
            <line number="80" hits="3" branch="False" />
            <line number="82" hits="3" branch="True" condition-coverage="100% (2/2)">
              <conditions>
                <condition number="345" type="jump" coverage="100%" />
              </conditions>
            </line>
            <line number="83" hits="1" branch="False" />
            <line number="84" hits="1" branch="False" />
            <line number="85" hits="1" branch="False" />
            <line number="88" hits="2" branch="False" />
            <line number="90" hits="2" branch="True" condition-coverage="50% (1/2)">
              <conditions>
                <condition number="685" type="jump" coverage="50%" />
              </conditions>
            </line>
            <line number="91" hits="0" branch="False" />
            <line number="92" hits="0" branch="False" />
            <line number="93" hits="0" branch="False" />
            <line number="96" hits="2" branch="True" condition-coverage="100% (2/2)">
              <conditions>
                <condition number="801" type="jump" coverage="100%" />
              </conditions>
            </line>
            <line number="97" hits="1" branch="False" />
            <line number="98" hits="1" branch="False" />
            <line number="99" hits="1" branch="False" />
            <line number="102" hits="1" branch="False" />
            <line number="103" hits="1" branch="False" />
            <line number="105" hits="1" branch="False" />
            <line number="107" hits="1" branch="False" />
            <line number="108" hits="3" branch="False" />
          </lines>
        </class>
        <class name="Api.Services.Implementation.ClassDataAccessService/&lt;GetClassByIdAsync&gt;d__7" filename="Api\Services\Implementation\ClassDataAccessService.cs" line-rate="1" branch-rate="1" complexity="2">
          <methods>
            <method name="MoveNext" signature="()" line-rate="1" branch-rate="1" complexity="2">
              <lines>
                <line number="111" hits="2" branch="False" />
                <line number="112" hits="2" branch="False" />
                <line number="114" hits="2" branch="True" condition-coverage="100% (2/2)">
                  <conditions>
                    <condition number="303" type="jump" coverage="100%" />
                  </conditions>
                </line>
                <line number="115" hits="1" branch="False" />
                <line number="116" hits="1" branch="False" />
                <line number="117" hits="1" branch="False" />
                <line number="120" hits="1" branch="False" />
                <line number="121" hits="2" branch="False" />
              </lines>
            </method>
          </methods>
          <lines>
            <line number="111" hits="2" branch="False" />
            <line number="112" hits="2" branch="False" />
            <line number="114" hits="2" branch="True" condition-coverage="100% (2/2)">
              <conditions>
                <condition number="303" type="jump" coverage="100%" />
              </conditions>
            </line>
            <line number="115" hits="1" branch="False" />
            <line number="116" hits="1" branch="False" />
            <line number="117" hits="1" branch="False" />
            <line number="120" hits="1" branch="False" />
            <line number="121" hits="2" branch="False" />
          </lines>
        </class>
        <class name="Api.Services.Implementation.ClassDataAccessService/&lt;GetStudentByIdAsync&gt;d__8" filename="Api\Services\Implementation\ClassDataAccessService.cs" line-rate="0.625" branch-rate="0.5" complexity="2">
          <methods>
            <method name="MoveNext" signature="()" line-rate="0.625" branch-rate="0.5" complexity="2">
              <lines>
                <line number="124" hits="1" branch="False" />
                <line number="125" hits="1" branch="False" />
                <line number="127" hits="1" branch="True" condition-coverage="50% (1/2)">
                  <conditions>
                    <condition number="303" type="jump" coverage="50%" />
                  </conditions>
                </line>
                <line number="128" hits="0" branch="False" />
                <line number="129" hits="0" branch="False" />
                <line number="130" hits="0" branch="False" />
                <line number="133" hits="1" branch="False" />
                <line number="134" hits="1" branch="False" />
              </lines>
            </method>
          </methods>
          <lines>
            <line number="124" hits="1" branch="False" />
            <line number="125" hits="1" branch="False" />
            <line number="127" hits="1" branch="True" condition-coverage="50% (1/2)">
              <conditions>
                <condition number="303" type="jump" coverage="50%" />
              </conditions>
            </line>
            <line number="128" hits="0" branch="False" />
            <line number="129" hits="0" branch="False" />
            <line number="130" hits="0" branch="False" />
            <line number="133" hits="1" branch="False" />
            <line number="134" hits="1" branch="False" />
          </lines>
        </class>
        <class name="Api.Services.Implementation.ClassDataAccessService/&lt;GetTeacherByIdAsync&gt;d__9" filename="Api\Services\Implementation\ClassDataAccessService.cs" line-rate="1" branch-rate="1" complexity="2">
          <methods>
            <method name="MoveNext" signature="()" line-rate="1" branch-rate="1" complexity="2">
              <lines>
                <line number="137" hits="2" branch="False" />
                <line number="138" hits="2" branch="False" />
                <line number="140" hits="2" branch="True" condition-coverage="100% (2/2)">
                  <conditions>
                    <condition number="303" type="jump" coverage="100%" />
                  </conditions>
                </line>
                <line number="141" hits="1" branch="False" />
                <line number="142" hits="1" branch="False" />
                <line number="143" hits="1" branch="False" />
                <line number="146" hits="1" branch="False" />
                <line number="147" hits="2" branch="False" />
              </lines>
            </method>
          </methods>
          <lines>
            <line number="137" hits="2" branch="False" />
            <line number="138" hits="2" branch="False" />
            <line number="140" hits="2" branch="True" condition-coverage="100% (2/2)">
              <conditions>
                <condition number="303" type="jump" coverage="100%" />
              </conditions>
            </line>
            <line number="141" hits="1" branch="False" />
            <line number="142" hits="1" branch="False" />
            <line number="143" hits="1" branch="False" />
            <line number="146" hits="1" branch="False" />
            <line number="147" hits="2" branch="False" />
          </lines>
        </class>
        <class name="Api.Mappings.MappingProfile" filename="Api\Mappings\MappingProfile.cs" line-rate="1" branch-rate="1" complexity="1">
          <methods>
            <method name=".ctor" signature="()" line-rate="1" branch-rate="1" complexity="1">
              <lines>
                <line number="10" hits="23" branch="False" />
                <line number="11" hits="23" branch="False" />
                <line number="13" hits="23" branch="False" />
                <line number="14" hits="46" branch="False" />
                <line number="15" hits="23" branch="False" />
                <line number="17" hits="23" branch="False" />
                <line number="18" hits="46" branch="False" />
                <line number="19" hits="23" branch="False" />
                <line number="21" hits="23" branch="False" />
                <line number="22" hits="46" branch="False" />
                <line number="23" hits="23" branch="False" />
                <line number="24" hits="23" branch="False" />
              </lines>
            </method>
          </methods>
          <lines>
            <line number="10" hits="23" branch="False" />
            <line number="11" hits="23" branch="False" />
            <line number="13" hits="23" branch="False" />
            <line number="14" hits="46" branch="False" />
            <line number="15" hits="23" branch="False" />
            <line number="17" hits="23" branch="False" />
            <line number="18" hits="46" branch="False" />
            <line number="19" hits="23" branch="False" />
            <line number="21" hits="23" branch="False" />
            <line number="22" hits="46" branch="False" />
            <line number="23" hits="23" branch="False" />
            <line number="24" hits="23" branch="False" />
          </lines>
        </class>
        <class name="Api.DTOs.ClassDto" filename="Api\DTOs\ClassDto.cs" line-rate="1" branch-rate="1" complexity="3">
          <methods>
            <method name="get_Id" signature="()" line-rate="1" branch-rate="1" complexity="1">
              <lines>
                <line number="7" hits="23" branch="False" />
              </lines>
            </method>
            <method name="get_Name" signature="()" line-rate="1" branch-rate="1" complexity="1">
              <lines>
                <line number="11" hits="40" branch="False" />
              </lines>
            </method>
            <method name="get_Capacity" signature="()" line-rate="1" branch-rate="1" complexity="1">
              <lines>
                <line number="14" hits="39" branch="False" />
              </lines>
            </method>
          </methods>
          <lines>
            <line number="7" hits="23" branch="False" />
            <line number="11" hits="40" branch="False" />
            <line number="14" hits="39" branch="False" />
          </lines>
        </class>
        <class name="Api.DTOs.StudentDto" filename="Api\DTOs\StudentDto.cs" line-rate="1" branch-rate="1" complexity="2">
          <methods>
            <method name="get_Name" signature="()" line-rate="1" branch-rate="1" complexity="1">
              <lines>
                <line number="9" hits="32" branch="False" />
              </lines>
            </method>
            <method name="get_Email" signature="()" line-rate="1" branch-rate="1" complexity="1">
              <lines>
                <line number="10" hits="29" branch="False" />
              </lines>
            </method>
          </methods>
          <lines>
            <line number="9" hits="32" branch="False" />
            <line number="10" hits="29" branch="False" />
          </lines>
        </class>
        <class name="Api.DTOs.TeacherDto" filename="Api\DTOs\TeacherDto.cs" line-rate="1" branch-rate="1" complexity="2">
          <methods>
            <method name="get_Name" signature="()" line-rate="1" branch-rate="1" complexity="1">
              <lines>
                <line number="9" hits="22" branch="False" />
              </lines>
            </method>
            <method name="get_Email" signature="()" line-rate="1" branch-rate="1" complexity="1">
              <lines>
                <line number="10" hits="21" branch="False" />
              </lines>
            </method>
          </methods>
          <lines>
            <line number="9" hits="22" branch="False" />
            <line number="10" hits="21" branch="False" />
          </lines>
        </class>
        <class name="Api.Controllers.ClassesController" filename="Api\Controllers\ClassesController.cs" line-rate="1" branch-rate="1" complexity="6">
          <methods>
            <method name="&lt;EnrollStudent&gt;b__4_0" signature="(Domain.Model.Student)" line-rate="1" branch-rate="1" complexity="1">
              <lines>
                <line number="44" hits="1" branch="False" />
                <line number="45" hits="1" branch="False" />
                <line number="46" hits="1" branch="False" />
              </lines>
            </method>
            <method name="&lt;EnrollStudent&gt;b__4_1" signature="(System.Exception)" line-rate="1" branch-rate="1" complexity="2">
              <lines>
                <line number="47" hits="2" branch="False" />
                <line number="48" hits="2" branch="True" condition-coverage="100% (2/2)">
                  <conditions>
                    <condition number="12" type="jump" coverage="100%" />
                  </conditions>
                </line>
                <line number="49" hits="1" branch="False" />
                <line number="50" hits="1" branch="False" />
                <line number="53" hits="1" branch="False" />
                <line number="54" hits="1" branch="False" />
                <line number="56" hits="5" branch="False" />
              </lines>
            </method>
            <method name="&lt;Get&gt;b__5_0" signature="(Domain.Model.Class)" line-rate="1" branch-rate="1" complexity="1">
              <lines>
                <line number="69" hits="1" branch="False" />
                <line number="70" hits="1" branch="False" />
                <line number="71" hits="1" branch="False" />
                <line number="72" hits="1" branch="False" />
              </lines>
            </method>
            <method name="&lt;Get&gt;b__5_1" signature="(System.Exception)" line-rate="1" branch-rate="1" complexity="1">
              <lines>
                <line number="74" hits="1" branch="False" />
                <line number="75" hits="1" branch="False" />
                <line number="76" hits="3" branch="False" />
              </lines>
            </method>
            <method name=".ctor" signature="(Api.Services.IClassDataAccessService,AutoMapper.IMapper)" line-rate="1" branch-rate="1" complexity="1">
              <lines>
                <line number="16" hits="11" branch="False" />
                <line number="17" hits="11" branch="False" />
                <line number="18" hits="11" branch="False" />
                <line number="19" hits="11" branch="False" />
                <line number="20" hits="11" branch="False" />
              </lines>
            </method>
          </methods>
          <lines>
            <line number="44" hits="1" branch="False" />
            <line number="45" hits="1" branch="False" />
            <line number="46" hits="1" branch="False" />
            <line number="47" hits="2" branch="False" />
            <line number="48" hits="2" branch="True" condition-coverage="100% (2/2)">
              <conditions>
                <condition number="12" type="jump" coverage="100%" />
              </conditions>
            </line>
            <line number="49" hits="1" branch="False" />
            <line number="50" hits="1" branch="False" />
            <line number="53" hits="1" branch="False" />
            <line number="54" hits="1" branch="False" />
            <line number="56" hits="5" branch="False" />
            <line number="69" hits="1" branch="False" />
            <line number="70" hits="1" branch="False" />
            <line number="71" hits="1" branch="False" />
            <line number="72" hits="1" branch="False" />
            <line number="74" hits="1" branch="False" />
            <line number="75" hits="1" branch="False" />
            <line number="76" hits="3" branch="False" />
            <line number="16" hits="11" branch="False" />
            <line number="17" hits="11" branch="False" />
            <line number="18" hits="11" branch="False" />
            <line number="19" hits="11" branch="False" />
            <line number="20" hits="11" branch="False" />
          </lines>
        </class>
        <class name="Api.Controllers.ClassesController/&lt;EnrollStudent&gt;d__4" filename="Api\Controllers\ClassesController.cs" line-rate="1" branch-rate="1" complexity="1">
          <methods>
            <method name="MoveNext" signature="()" line-rate="1" branch-rate="1" complexity="1">
              <lines>
                <line number="39" hits="3" branch="False" />
                <line number="40" hits="3" branch="False" />
                <line number="42" hits="3" branch="False" />
                <line number="43" hits="3" branch="False" />
                <line number="51" hits="3" branch="False" />
                <line number="52" hits="3" branch="False" />
                <line number="55" hits="3" branch="False" />
                <line number="57" hits="3" branch="False" />
              </lines>
            </method>
          </methods>
          <lines>
            <line number="39" hits="3" branch="False" />
            <line number="40" hits="3" branch="False" />
            <line number="42" hits="3" branch="False" />
            <line number="43" hits="3" branch="False" />
            <line number="51" hits="3" branch="False" />
            <line number="52" hits="3" branch="False" />
            <line number="55" hits="3" branch="False" />
            <line number="57" hits="3" branch="False" />
          </lines>
        </class>
        <class name="Api.Controllers.ClassesController/&lt;Get&gt;d__5" filename="Api\Controllers\ClassesController.cs" line-rate="1" branch-rate="1" complexity="1">
          <methods>
            <method name="MoveNext" signature="()" line-rate="1" branch-rate="1" complexity="1">
              <lines>
                <line number="64" hits="2" branch="False" />
                <line number="65" hits="2" branch="False" />
                <line number="67" hits="2" branch="False" />
                <line number="68" hits="2" branch="False" />
                <line number="73" hits="2" branch="False" />
                <line number="77" hits="2" branch="False" />
              </lines>
            </method>
          </methods>
          <lines>
            <line number="64" hits="2" branch="False" />
            <line number="65" hits="2" branch="False" />
            <line number="67" hits="2" branch="False" />
            <line number="68" hits="2" branch="False" />
            <line number="73" hits="2" branch="False" />
            <line number="77" hits="2" branch="False" />
          </lines>
        </class>
        <class name="Api.Controllers.ClassesController/&lt;Insert&gt;d__3" filename="Api\Controllers\ClassesController.cs" line-rate="1" branch-rate="1" complexity="1">
          <methods>
            <method name="MoveNext" signature="()" line-rate="1" branch-rate="1" complexity="1">
              <lines>
                <line number="26" hits="1" branch="False" />
                <line number="27" hits="1" branch="False" />
                <line number="28" hits="1" branch="False" />
                <line number="30" hits="1" branch="False" />
                <line number="31" hits="1" branch="False" />
              </lines>
            </method>
          </methods>
          <lines>
            <line number="26" hits="1" branch="False" />
            <line number="27" hits="1" branch="False" />
            <line number="28" hits="1" branch="False" />
            <line number="30" hits="1" branch="False" />
            <line number="31" hits="1" branch="False" />
          </lines>
        </class>
        <class name="Api.Controllers.StudentsController" filename="Api\Controllers\StudentsController.cs" line-rate="0.8332999999999999" branch-rate="1" complexity="3">
          <methods>
            <method name="&lt;Get&gt;b__4_0" signature="(Domain.Model.Student)" line-rate="1" branch-rate="1" complexity="1">
              <lines>
                <line number="45" hits="1" branch="False" />
                <line number="46" hits="1" branch="False" />
                <line number="47" hits="1" branch="False" />
                <line number="48" hits="1" branch="False" />
              </lines>
            </method>
            <method name="&lt;Get&gt;b__4_1" signature="(System.Exception)" line-rate="0.3333" branch-rate="1" complexity="1">
              <lines>
                <line number="50" hits="0" branch="False" />
                <line number="51" hits="0" branch="False" />
                <line number="52" hits="1" branch="False" />
              </lines>
            </method>
            <method name=".ctor" signature="(Api.Services.IClassDataAccessService,AutoMapper.IMapper)" line-rate="1" branch-rate="1" complexity="1">
              <lines>
                <line number="18" hits="5" branch="False" />
                <line number="19" hits="5" branch="False" />
                <line number="20" hits="5" branch="False" />
                <line number="21" hits="5" branch="False" />
                <line number="22" hits="5" branch="False" />
              </lines>
            </method>
          </methods>
          <lines>
            <line number="45" hits="1" branch="False" />
            <line number="46" hits="1" branch="False" />
            <line number="47" hits="1" branch="False" />
            <line number="48" hits="1" branch="False" />
            <line number="50" hits="0" branch="False" />
            <line number="51" hits="0" branch="False" />
            <line number="52" hits="1" branch="False" />
            <line number="18" hits="5" branch="False" />
            <line number="19" hits="5" branch="False" />
            <line number="20" hits="5" branch="False" />
            <line number="21" hits="5" branch="False" />
            <line number="22" hits="5" branch="False" />
          </lines>
        </class>
        <class name="Api.Controllers.StudentsController/&lt;Get&gt;d__4" filename="Api\Controllers\StudentsController.cs" line-rate="1" branch-rate="1" complexity="1">
          <methods>
            <method name="MoveNext" signature="()" line-rate="1" branch-rate="1" complexity="1">
              <lines>
                <line number="40" hits="1" branch="False" />
                <line number="41" hits="1" branch="False" />
                <line number="43" hits="1" branch="False" />
                <line number="44" hits="1" branch="False" />
                <line number="49" hits="1" branch="False" />
                <line number="53" hits="1" branch="False" />
              </lines>
            </method>
          </methods>
          <lines>
            <line number="40" hits="1" branch="False" />
            <line number="41" hits="1" branch="False" />
            <line number="43" hits="1" branch="False" />
            <line number="44" hits="1" branch="False" />
            <line number="49" hits="1" branch="False" />
            <line number="53" hits="1" branch="False" />
          </lines>
        </class>
        <class name="Api.Controllers.StudentsController/&lt;Insert&gt;d__3" filename="Api\Controllers\StudentsController.cs" line-rate="1" branch-rate="1" complexity="1">
          <methods>
            <method name="MoveNext" signature="()" line-rate="1" branch-rate="1" complexity="1">
              <lines>
                <line number="28" hits="1" branch="False" />
                <line number="29" hits="1" branch="False" />
                <line number="30" hits="1" branch="False" />
                <line number="32" hits="1" branch="False" />
                <line number="33" hits="1" branch="False" />
              </lines>
            </method>
          </methods>
          <lines>
            <line number="28" hits="1" branch="False" />
            <line number="29" hits="1" branch="False" />
            <line number="30" hits="1" branch="False" />
            <line number="32" hits="1" branch="False" />
            <line number="33" hits="1" branch="False" />
          </lines>
        </class>
        <class name="Api.Controllers.TeachersController" filename="Api\Controllers\TeachersController.cs" line-rate="1" branch-rate="1" complexity="6">
          <methods>
            <method name="&lt;AssignClass&gt;b__4_0" signature="(Domain.Model.Teacher)" line-rate="1" branch-rate="1" complexity="1">
              <lines>
                <line number="46" hits="1" branch="False" />
                <line number="47" hits="1" branch="False" />
                <line number="48" hits="1" branch="False" />
              </lines>
            </method>
            <method name="&lt;AssignClass&gt;b__4_1" signature="(System.Exception)" line-rate="1" branch-rate="1" complexity="2">
              <lines>
                <line number="50" hits="2" branch="False" />
                <line number="51" hits="2" branch="True" condition-coverage="100% (2/2)">
                  <conditions>
                    <condition number="12" type="jump" coverage="100%" />
                  </conditions>
                </line>
                <line number="52" hits="1" branch="False" />
                <line number="53" hits="1" branch="False" />
                <line number="56" hits="1" branch="False" />
                <line number="57" hits="1" branch="False" />
                <line number="59" hits="5" branch="False" />
              </lines>
            </method>
            <method name="&lt;Get&gt;b__5_0" signature="(Domain.Model.Teacher)" line-rate="1" branch-rate="1" complexity="1">
              <lines>
                <line number="72" hits="1" branch="False" />
                <line number="73" hits="1" branch="False" />
                <line number="74" hits="1" branch="False" />
                <line number="75" hits="1" branch="False" />
              </lines>
            </method>
            <method name="&lt;Get&gt;b__5_1" signature="(System.Exception)" line-rate="1" branch-rate="1" complexity="1">
              <lines>
                <line number="77" hits="1" branch="False" />
                <line number="78" hits="1" branch="False" />
                <line number="79" hits="1" branch="False" />
              </lines>
            </method>
            <method name=".ctor" signature="(Api.Services.IClassDataAccessService,AutoMapper.IMapper)" line-rate="1" branch-rate="1" complexity="1">
              <lines>
                <line number="18" hits="7" branch="False" />
                <line number="19" hits="7" branch="False" />
                <line number="20" hits="7" branch="False" />
                <line number="21" hits="7" branch="False" />
                <line number="22" hits="7" branch="False" />
              </lines>
            </method>
          </methods>
          <lines>
            <line number="46" hits="1" branch="False" />
            <line number="47" hits="1" branch="False" />
            <line number="48" hits="1" branch="False" />
            <line number="50" hits="2" branch="False" />
            <line number="51" hits="2" branch="True" condition-coverage="100% (2/2)">
              <conditions>
                <condition number="12" type="jump" coverage="100%" />
              </conditions>
            </line>
            <line number="52" hits="1" branch="False" />
            <line number="53" hits="1" branch="False" />
            <line number="56" hits="1" branch="False" />
            <line number="57" hits="1" branch="False" />
            <line number="59" hits="5" branch="False" />
            <line number="72" hits="1" branch="False" />
            <line number="73" hits="1" branch="False" />
            <line number="74" hits="1" branch="False" />
            <line number="75" hits="1" branch="False" />
            <line number="77" hits="1" branch="False" />
            <line number="78" hits="1" branch="False" />
            <line number="79" hits="1" branch="False" />
            <line number="18" hits="7" branch="False" />
            <line number="19" hits="7" branch="False" />
            <line number="20" hits="7" branch="False" />
            <line number="21" hits="7" branch="False" />
            <line number="22" hits="7" branch="False" />
          </lines>
        </class>
        <class name="Api.Controllers.TeachersController/&lt;AssignClass&gt;d__4" filename="Api\Controllers\TeachersController.cs" line-rate="1" branch-rate="1" complexity="1">
          <methods>
            <method name="MoveNext" signature="()" line-rate="1" branch-rate="1" complexity="1">
              <lines>
                <line number="41" hits="3" branch="False" />
                <line number="42" hits="3" branch="False" />
                <line number="44" hits="3" branch="False" />
                <line number="45" hits="3" branch="False" />
                <line number="49" hits="3" branch="False" />
                <line number="54" hits="3" branch="False" />
                <line number="55" hits="3" branch="False" />
                <line number="58" hits="3" branch="False" />
                <line number="60" hits="3" branch="False" />
              </lines>
            </method>
          </methods>
          <lines>
            <line number="41" hits="3" branch="False" />
            <line number="42" hits="3" branch="False" />
            <line number="44" hits="3" branch="False" />
            <line number="45" hits="3" branch="False" />
            <line number="49" hits="3" branch="False" />
            <line number="54" hits="3" branch="False" />
            <line number="55" hits="3" branch="False" />
            <line number="58" hits="3" branch="False" />
            <line number="60" hits="3" branch="False" />
          </lines>
        </class>
        <class name="Api.Controllers.TeachersController/&lt;Get&gt;d__5" filename="Api\Controllers\TeachersController.cs" line-rate="1" branch-rate="1" complexity="1">
          <methods>
            <method name="MoveNext" signature="()" line-rate="1" branch-rate="1" complexity="1">
              <lines>
                <line number="67" hits="2" branch="False" />
                <line number="68" hits="2" branch="False" />
                <line number="70" hits="2" branch="False" />
                <line number="71" hits="2" branch="False" />
                <line number="76" hits="2" branch="False" />
                <line number="80" hits="2" branch="False" />
                <line number="81" hits="2" branch="False" />
              </lines>
            </method>
          </methods>
          <lines>
            <line number="67" hits="2" branch="False" />
            <line number="68" hits="2" branch="False" />
            <line number="70" hits="2" branch="False" />
            <line number="71" hits="2" branch="False" />
            <line number="76" hits="2" branch="False" />
            <line number="80" hits="2" branch="False" />
            <line number="81" hits="2" branch="False" />
          </lines>
        </class>
        <class name="Api.Controllers.TeachersController/&lt;Insert&gt;d__3" filename="Api\Controllers\TeachersController.cs" line-rate="1" branch-rate="1" complexity="1">
          <methods>
            <method name="MoveNext" signature="()" line-rate="1" branch-rate="1" complexity="1">
              <lines>
                <line number="28" hits="1" branch="False" />
                <line number="29" hits="1" branch="False" />
                <line number="30" hits="1" branch="False" />
                <line number="32" hits="1" branch="False" />
                <line number="33" hits="1" branch="False" />
              </lines>
            </method>
          </methods>
          <lines>
            <line number="28" hits="1" branch="False" />
            <line number="29" hits="1" branch="False" />
            <line number="30" hits="1" branch="False" />
            <line number="32" hits="1" branch="False" />
            <line number="33" hits="1" branch="False" />
          </lines>
        </class>
      </classes>
    </package>
    <package name="Database" line-rate="1" branch-rate="1" complexity="4">
      <classes>
        <class name="Database.ApiContext" filename="Database\ApiContext.cs" line-rate="1" branch-rate="1" complexity="4">
          <methods>
            <method name="get_Students" signature="()" line-rate="1" branch-rate="1" complexity="1">
              <lines>
                <line number="14" hits="143" branch="False" />
              </lines>
            </method>
            <method name="get_Classes" signature="()" line-rate="1" branch-rate="1" complexity="1">
              <lines>
                <line number="15" hits="151" branch="False" />
              </lines>
            </method>
            <method name="get_Teachers" signature="()" line-rate="1" branch-rate="1" complexity="1">
              <lines>
                <line number="16" hits="146" branch="False" />
              </lines>
            </method>
            <method name=".ctor" signature="(Microsoft.EntityFrameworkCore.DbContextOptions`1&lt;Database.ApiContext&gt;)" line-rate="1" branch-rate="1" complexity="1">
              <lines>
                <line number="10" hits="46" branch="False" />
                <line number="11" hits="46" branch="False" />
                <line number="12" hits="46" branch="False" />
              </lines>
            </method>
          </methods>
          <lines>
            <line number="14" hits="143" branch="False" />
            <line number="15" hits="151" branch="False" />
            <line number="16" hits="146" branch="False" />
            <line number="10" hits="46" branch="False" />
            <line number="11" hits="46" branch="False" />
            <line number="12" hits="46" branch="False" />
          </lines>
        </class>
      </classes>
    </package>
    <package name="Domain" line-rate="1" branch-rate="1" complexity="13">
      <classes>
        <class name="Domain.Model.Class" filename="Domain\Model\Class.cs" line-rate="1" branch-rate="1" complexity="5">
          <methods>
            <method name="get_Id" signature="()" line-rate="1" branch-rate="1" complexity="1">
              <lines>
                <line number="10" hits="78" branch="False" />
              </lines>
            </method>
            <method name="get_Name" signature="()" line-rate="1" branch-rate="1" complexity="1">
              <lines>
                <line number="13" hits="78" branch="False" />
              </lines>
            </method>
            <method name="get_Capacity" signature="()" line-rate="1" branch-rate="1" complexity="1">
              <lines>
                <line number="16" hits="81" branch="False" />
              </lines>
            </method>
            <method name="get_Teacher" signature="()" line-rate="1" branch-rate="1" complexity="1">
              <lines>
                <line number="18" hits="7" branch="False" />
              </lines>
            </method>
            <method name="get_Students" signature="()" line-rate="1" branch-rate="1" complexity="1">
              <lines>
                <line number="20" hits="160" branch="False" />
              </lines>
            </method>
          </methods>
          <lines>
            <line number="10" hits="78" branch="False" />
            <line number="13" hits="78" branch="False" />
            <line number="16" hits="81" branch="False" />
            <line number="18" hits="7" branch="False" />
            <line number="20" hits="160" branch="False" />
          </lines>
        </class>
        <class name="Domain.Model.Student" filename="Domain\Model\Student.cs" line-rate="1" branch-rate="1" complexity="4">
          <methods>
            <method name="get_Id" signature="()" line-rate="1" branch-rate="1" complexity="1">
              <lines>
                <line number="10" hits="140" branch="False" />
              </lines>
            </method>
            <method name="get_Name" signature="()" line-rate="1" branch-rate="1" complexity="1">
              <lines>
                <line number="13" hits="142" branch="False" />
              </lines>
            </method>
            <method name="get_Email" signature="()" line-rate="1" branch-rate="1" complexity="1">
              <lines>
                <line number="16" hits="142" branch="False" />
              </lines>
            </method>
            <method name="get_Classes" signature="()" line-rate="1" branch-rate="1" complexity="1">
              <lines>
                <line number="18" hits="284" branch="False" />
              </lines>
            </method>
          </methods>
          <lines>
            <line number="10" hits="140" branch="False" />
            <line number="13" hits="142" branch="False" />
            <line number="16" hits="142" branch="False" />
            <line number="18" hits="284" branch="False" />
          </lines>
        </class>
        <class name="Domain.Model.Teacher" filename="Domain\Model\Teacher.cs" line-rate="1" branch-rate="1" complexity="4">
          <methods>
            <method name="get_Id" signature="()" line-rate="1" branch-rate="1" complexity="1">
              <lines>
                <line number="10" hits="72" branch="False" />
              </lines>
            </method>
            <method name="get_Name" signature="()" line-rate="1" branch-rate="1" complexity="1">
              <lines>
                <line number="13" hits="74" branch="False" />
              </lines>
            </method>
            <method name="get_Email" signature="()" line-rate="1" branch-rate="1" complexity="1">
              <lines>
                <line number="15" hits="74" branch="False" />
              </lines>
            </method>
            <method name="get_Classes" signature="()" line-rate="1" branch-rate="1" complexity="1">
              <lines>
                <line number="17" hits="156" branch="False" />
              </lines>
            </method>
          </methods>
          <lines>
            <line number="10" hits="72" branch="False" />
            <line number="13" hits="74" branch="False" />
            <line number="15" hits="74" branch="False" />
            <line number="17" hits="156" branch="False" />
          </lines>
        </class>
      </classes>
    </package>
  </packages>
</coverage>