<?xml version="1.0" encoding="utf-8"?>
<!DOCTYPE coverage SYSTEM "http://cobertura.sourceforge.net/xml/coverage-04.dtd">
<coverage line-rate="0.954198473282443" branch-rate="0.875" lines-covered="250" lines-valid="262" branches-covered="21" branches-valid="24" complexity="62" version="0" timestamp="1728323007">
  <sources>
    <source>C:\Users\Morgan\source\repos\Firefly.BackendTest\</source>
  </sources>
  <packages>
    <package name="Api" line-rate="0.950617283950617" branch-rate="0.875" complexity="45">
      <classes>
        <class name="Api.Controllers.ClassesController" filename="C:\Users\Morgan\source\repos\Firefly.BackendTest\Api\Controllers\ClassesController.cs" line-rate="1" branch-rate="1" complexity="4">
          <methods>
            <method name=".ctor" signature="(...)" line-rate="1" branch-rate="1" complexity="1">
              <lines>
                <line number="16" hits="11" branch="false" />
                <line number="17" hits="11" branch="false" />
                <line number="18" hits="11" branch="false" />
                <line number="19" hits="11" branch="false" />
                <line number="20" hits="11" branch="false" />
              </lines>
            </method>
            <method name="EnrollStudent" signature="()" line-rate="1" branch-rate="1" complexity="1">
              <lines>
                <line number="39" hits="3" branch="false" />
                <line number="40" hits="3" branch="false" />
                <line number="42" hits="3" branch="false" />
                <line number="43" hits="3" branch="false" />
                <line number="44" hits="1" branch="false" />
                <line number="45" hits="1" branch="false" />
                <line number="46" hits="1" branch="false" />
                <line number="47" hits="2" branch="false" />
                <line number="48" hits="2" branch="true" condition-coverage="100% (2/2)" />
                <line number="49" hits="1" branch="false" />
                <line number="50" hits="1" branch="false" />
                <line number="51" hits="3" branch="false" />
                <line number="52" hits="3" branch="false" />
                <line number="53" hits="1" branch="false" />
                <line number="54" hits="1" branch="false" />
                <line number="55" hits="3" branch="false" />
                <line number="56" hits="5" branch="false" />
                <line number="57" hits="3" branch="false" />
              </lines>
            </method>
            <method name="Get" signature="()" line-rate="1" branch-rate="1" complexity="1">
              <lines>
                <line number="64" hits="2" branch="false" />
                <line number="65" hits="2" branch="false" />
                <line number="67" hits="2" branch="false" />
                <line number="68" hits="2" branch="false" />
                <line number="69" hits="1" branch="false" />
                <line number="70" hits="1" branch="false" />
                <line number="71" hits="1" branch="false" />
                <line number="72" hits="1" branch="false" />
                <line number="73" hits="2" branch="false" />
                <line number="74" hits="1" branch="false" />
                <line number="75" hits="1" branch="false" />
                <line number="76" hits="3" branch="false" />
                <line number="77" hits="2" branch="false" />
              </lines>
            </method>
            <method name="Insert" signature="()" line-rate="1" branch-rate="1" complexity="1">
              <lines>
                <line number="26" hits="1" branch="false" />
                <line number="27" hits="1" branch="false" />
                <line number="28" hits="1" branch="false" />
                <line number="30" hits="1" branch="false" />
                <line number="31" hits="1" branch="false" />
              </lines>
            </method>
          </methods>
          <lines>
            <line number="16" hits="11" branch="false" />
            <line number="17" hits="11" branch="false" />
            <line number="18" hits="11" branch="false" />
            <line number="19" hits="11" branch="false" />
            <line number="20" hits="11" branch="false" />
            <line number="26" hits="1" branch="false" />
            <line number="27" hits="1" branch="false" />
            <line number="28" hits="1" branch="false" />
            <line number="30" hits="1" branch="false" />
            <line number="31" hits="1" branch="false" />
            <line number="39" hits="3" branch="false" />
            <line number="40" hits="3" branch="false" />
            <line number="42" hits="3" branch="false" />
            <line number="43" hits="3" branch="false" />
            <line number="44" hits="1" branch="false" />
            <line number="45" hits="1" branch="false" />
            <line number="46" hits="1" branch="false" />
            <line number="47" hits="2" branch="false" />
            <line number="48" hits="2" branch="true" condition-coverage="100% (2/2)" />
            <line number="49" hits="1" branch="false" />
            <line number="50" hits="1" branch="false" />
            <line number="51" hits="3" branch="false" />
            <line number="52" hits="3" branch="false" />
            <line number="53" hits="1" branch="false" />
            <line number="54" hits="1" branch="false" />
            <line number="55" hits="3" branch="false" />
            <line number="56" hits="5" branch="false" />
            <line number="57" hits="3" branch="false" />
            <line number="64" hits="2" branch="false" />
            <line number="65" hits="2" branch="false" />
            <line number="67" hits="2" branch="false" />
            <line number="68" hits="2" branch="false" />
            <line number="69" hits="1" branch="false" />
            <line number="70" hits="1" branch="false" />
            <line number="71" hits="1" branch="false" />
            <line number="72" hits="1" branch="false" />
            <line number="73" hits="2" branch="false" />
            <line number="74" hits="1" branch="false" />
            <line number="75" hits="1" branch="false" />
            <line number="76" hits="3" branch="false" />
            <line number="77" hits="2" branch="false" />
          </lines>
        </class>
        <class name="Api.Controllers.StudentsController" filename="C:\Users\Morgan\source\repos\Firefly.BackendTest\Api\Controllers\StudentsController.cs" line-rate="0.91304347826087" branch-rate="1" complexity="3">
          <methods>
            <method name=".ctor" signature="(...)" line-rate="1" branch-rate="1" complexity="1">
              <lines>
                <line number="18" hits="5" branch="false" />
                <line number="19" hits="5" branch="false" />
                <line number="20" hits="5" branch="false" />
                <line number="21" hits="5" branch="false" />
                <line number="22" hits="5" branch="false" />
              </lines>
            </method>
            <method name="Get" signature="()" line-rate="0.846153846153846" branch-rate="1" complexity="1">
              <lines>
                <line number="40" hits="1" branch="false" />
                <line number="41" hits="1" branch="false" />
                <line number="43" hits="1" branch="false" />
                <line number="44" hits="1" branch="false" />
                <line number="45" hits="1" branch="false" />
                <line number="46" hits="1" branch="false" />
                <line number="47" hits="1" branch="false" />
                <line number="48" hits="1" branch="false" />
                <line number="49" hits="1" branch="false" />
                <line number="50" hits="0" branch="false" />
                <line number="51" hits="0" branch="false" />
                <line number="52" hits="1" branch="false" />
                <line number="53" hits="1" branch="false" />
              </lines>
            </method>
            <method name="Insert" signature="()" line-rate="1" branch-rate="1" complexity="1">
              <lines>
                <line number="28" hits="1" branch="false" />
                <line number="29" hits="1" branch="false" />
                <line number="30" hits="1" branch="false" />
                <line number="32" hits="1" branch="false" />
                <line number="33" hits="1" branch="false" />
              </lines>
            </method>
          </methods>
          <lines>
            <line number="18" hits="5" branch="false" />
            <line number="19" hits="5" branch="false" />
            <line number="20" hits="5" branch="false" />
            <line number="21" hits="5" branch="false" />
            <line number="22" hits="5" branch="false" />
            <line number="28" hits="1" branch="false" />
            <line number="29" hits="1" branch="false" />
            <line number="30" hits="1" branch="false" />
            <line number="32" hits="1" branch="false" />
            <line number="33" hits="1" branch="false" />
            <line number="40" hits="1" branch="false" />
            <line number="41" hits="1" branch="false" />
            <line number="43" hits="1" branch="false" />
            <line number="44" hits="1" branch="false" />
            <line number="45" hits="1" branch="false" />
            <line number="46" hits="1" branch="false" />
            <line number="47" hits="1" branch="false" />
            <line number="48" hits="1" branch="false" />
            <line number="49" hits="1" branch="false" />
            <line number="50" hits="0" branch="false" />
            <line number="51" hits="0" branch="false" />
            <line number="52" hits="1" branch="false" />
            <line number="53" hits="1" branch="false" />
          </lines>
        </class>
        <class name="Api.Controllers.TeachersController" filename="C:\Users\Morgan\source\repos\Firefly.BackendTest\Api\Controllers\TeachersController.cs" line-rate="1" branch-rate="1" complexity="4">
          <methods>
            <method name=".ctor" signature="(...)" line-rate="1" branch-rate="1" complexity="1">
              <lines>
                <line number="18" hits="7" branch="false" />
                <line number="19" hits="7" branch="false" />
                <line number="20" hits="7" branch="false" />
                <line number="21" hits="7" branch="false" />
                <line number="22" hits="7" branch="false" />
              </lines>
            </method>
            <method name="AssignClass" signature="()" line-rate="1" branch-rate="1" complexity="1">
              <lines>
                <line number="41" hits="3" branch="false" />
                <line number="42" hits="3" branch="false" />
                <line number="44" hits="3" branch="false" />
                <line number="45" hits="3" branch="false" />
                <line number="46" hits="1" branch="false" />
                <line number="47" hits="1" branch="false" />
                <line number="48" hits="1" branch="false" />
                <line number="49" hits="3" branch="false" />
                <line number="50" hits="2" branch="false" />
                <line number="51" hits="2" branch="true" condition-coverage="100% (2/2)" />
                <line number="52" hits="1" branch="false" />
                <line number="53" hits="1" branch="false" />
                <line number="54" hits="3" branch="false" />
                <line number="55" hits="3" branch="false" />
                <line number="56" hits="1" branch="false" />
                <line number="57" hits="1" branch="false" />
                <line number="58" hits="3" branch="false" />
                <line number="59" hits="5" branch="false" />
                <line number="60" hits="3" branch="false" />
              </lines>
            </method>
            <method name="Get" signature="()" line-rate="1" branch-rate="1" complexity="1">
              <lines>
                <line number="67" hits="2" branch="false" />
                <line number="68" hits="2" branch="false" />
                <line number="70" hits="2" branch="false" />
                <line number="71" hits="2" branch="false" />
                <line number="72" hits="1" branch="false" />
                <line number="73" hits="1" branch="false" />
                <line number="74" hits="1" branch="false" />
                <line number="75" hits="1" branch="false" />
                <line number="76" hits="2" branch="false" />
                <line number="77" hits="1" branch="false" />
                <line number="78" hits="1" branch="false" />
                <line number="79" hits="1" branch="false" />
                <line number="80" hits="2" branch="false" />
                <line number="81" hits="2" branch="false" />
              </lines>
            </method>
            <method name="Insert" signature="()" line-rate="1" branch-rate="1" complexity="1">
              <lines>
                <line number="28" hits="1" branch="false" />
                <line number="29" hits="1" branch="false" />
                <line number="30" hits="1" branch="false" />
                <line number="32" hits="1" branch="false" />
                <line number="33" hits="1" branch="false" />
              </lines>
            </method>
          </methods>
          <lines>
            <line number="18" hits="7" branch="false" />
            <line number="19" hits="7" branch="false" />
            <line number="20" hits="7" branch="false" />
            <line number="21" hits="7" branch="false" />
            <line number="22" hits="7" branch="false" />
            <line number="28" hits="1" branch="false" />
            <line number="29" hits="1" branch="false" />
            <line number="30" hits="1" branch="false" />
            <line number="32" hits="1" branch="false" />
            <line number="33" hits="1" branch="false" />
            <line number="41" hits="3" branch="false" />
            <line number="42" hits="3" branch="false" />
            <line number="44" hits="3" branch="false" />
            <line number="45" hits="3" branch="false" />
            <line number="46" hits="1" branch="false" />
            <line number="47" hits="1" branch="false" />
            <line number="48" hits="1" branch="false" />
            <line number="49" hits="3" branch="false" />
            <line number="50" hits="2" branch="false" />
            <line number="51" hits="2" branch="true" condition-coverage="100% (2/2)" />
            <line number="52" hits="1" branch="false" />
            <line number="53" hits="1" branch="false" />
            <line number="54" hits="3" branch="false" />
            <line number="55" hits="3" branch="false" />
            <line number="56" hits="1" branch="false" />
            <line number="57" hits="1" branch="false" />
            <line number="58" hits="3" branch="false" />
            <line number="59" hits="5" branch="false" />
            <line number="60" hits="3" branch="false" />
            <line number="67" hits="2" branch="false" />
            <line number="68" hits="2" branch="false" />
            <line number="70" hits="2" branch="false" />
            <line number="71" hits="2" branch="false" />
            <line number="72" hits="1" branch="false" />
            <line number="73" hits="1" branch="false" />
            <line number="74" hits="1" branch="false" />
            <line number="75" hits="1" branch="false" />
            <line number="76" hits="2" branch="false" />
            <line number="77" hits="1" branch="false" />
            <line number="78" hits="1" branch="false" />
            <line number="79" hits="1" branch="false" />
            <line number="80" hits="2" branch="false" />
            <line number="81" hits="2" branch="false" />
          </lines>
        </class>
        <class name="Api.DTOs.ClassDto" filename="C:\Users\Morgan\source\repos\Firefly.BackendTest\Api\DTOs\ClassDto.cs" line-rate="1" branch-rate="1" complexity="3">
          <methods>
            <method name="get_Id" signature="()" line-rate="1" branch-rate="1" complexity="1">
              <lines>
                <line number="7" hits="23" branch="false" />
              </lines>
            </method>
            <method name="get_Name" signature="()" line-rate="1" branch-rate="1" complexity="1">
              <lines>
                <line number="11" hits="40" branch="false" />
              </lines>
            </method>
            <method name="get_Capacity" signature="()" line-rate="1" branch-rate="1" complexity="1">
              <lines>
                <line number="14" hits="39" branch="false" />
              </lines>
            </method>
          </methods>
          <lines>
            <line number="7" hits="23" branch="false" />
            <line number="11" hits="40" branch="false" />
            <line number="14" hits="39" branch="false" />
          </lines>
        </class>
        <class name="Api.DTOs.StudentDto" filename="C:\Users\Morgan\source\repos\Firefly.BackendTest\Api\DTOs\StudentDto.cs" line-rate="1" branch-rate="1" complexity="2">
          <methods>
            <method name="get_Name" signature="()" line-rate="1" branch-rate="1" complexity="1">
              <lines>
                <line number="9" hits="32" branch="false" />
              </lines>
            </method>
            <method name="get_Email" signature="()" line-rate="1" branch-rate="1" complexity="1">
              <lines>
                <line number="10" hits="29" branch="false" />
              </lines>
            </method>
          </methods>
          <lines>
            <line number="9" hits="32" branch="false" />
            <line number="10" hits="29" branch="false" />
          </lines>
        </class>
        <class name="Api.DTOs.TeacherDto" filename="C:\Users\Morgan\source\repos\Firefly.BackendTest\Api\DTOs\TeacherDto.cs" line-rate="1" branch-rate="1" complexity="2">
          <methods>
            <method name="get_Name" signature="()" line-rate="1" branch-rate="1" complexity="1">
              <lines>
                <line number="9" hits="22" branch="false" />
              </lines>
            </method>
            <method name="get_Email" signature="()" line-rate="1" branch-rate="1" complexity="1">
              <lines>
                <line number="10" hits="21" branch="false" />
              </lines>
            </method>
          </methods>
          <lines>
            <line number="9" hits="22" branch="false" />
            <line number="10" hits="21" branch="false" />
          </lines>
        </class>
        <class name="Api.Mappings.MappingProfile" filename="C:\Users\Morgan\source\repos\Firefly.BackendTest\Api\Mappings\MappingProfile.cs" line-rate="1" branch-rate="1" complexity="1">
          <methods>
            <method name=".ctor" signature="()" line-rate="1" branch-rate="1" complexity="1">
              <lines>
                <line number="10" hits="23" branch="false" />
                <line number="11" hits="23" branch="false" />
                <line number="13" hits="23" branch="false" />
                <line number="14" hits="46" branch="false" />
                <line number="15" hits="23" branch="false" />
                <line number="17" hits="23" branch="false" />
                <line number="18" hits="46" branch="false" />
                <line number="19" hits="23" branch="false" />
                <line number="21" hits="23" branch="false" />
                <line number="22" hits="46" branch="false" />
                <line number="23" hits="23" branch="false" />
                <line number="24" hits="23" branch="false" />
              </lines>
            </method>
          </methods>
          <lines>
            <line number="10" hits="23" branch="false" />
            <line number="11" hits="23" branch="false" />
            <line number="13" hits="23" branch="false" />
            <line number="14" hits="46" branch="false" />
            <line number="15" hits="23" branch="false" />
            <line number="17" hits="23" branch="false" />
            <line number="18" hits="46" branch="false" />
            <line number="19" hits="23" branch="false" />
            <line number="21" hits="23" branch="false" />
            <line number="22" hits="46" branch="false" />
            <line number="23" hits="23" branch="false" />
            <line number="24" hits="23" branch="false" />
          </lines>
        </class>
        <class name="Api.Program" filename="C:\Users\Morgan\source\repos\Firefly.BackendTest\Api\Program.cs" line-rate="0.967741935483871" branch-rate="1" complexity="2">
          <methods>
            <method name="Main" signature="(...)" line-rate="0.967741935483871" branch-rate="1" complexity="2">
              <lines>
                <line number="12" hits="23" branch="false" />
                <line number="13" hits="23" branch="false" />
                <line number="17" hits="23" branch="false" />
                <line number="19" hits="23" branch="false" />
                <line number="20" hits="23" branch="false" />
                <line number="22" hits="23" branch="false" />
                <line number="23" hits="23" branch="false" />
                <line number="24" hits="46" branch="false" />
                <line number="25" hits="23" branch="false" />
                <line number="26" hits="23" branch="false" />
                <line number="27" hits="46" branch="false" />
                <line number="28" hits="92" branch="false" />
                <line number="29" hits="69" branch="false" />
                <line number="31" hits="23" branch="false" />
                <line number="33" hits="23" branch="false" />
                <line number="34" hits="23" branch="false" />
                <line number="35" hits="23" branch="false" />
                <line number="36" hits="46" branch="false" />
                <line number="38" hits="23" branch="false" />
                <line number="40" hits="23" branch="false" />
                <line number="43" hits="23" branch="false" />
                <line number="44" hits="23" branch="true" condition-coverage="100% (2/2)" />
                <line number="45" hits="23" branch="false" />
                <line number="46" hits="23" branch="false" />
                <line number="47" hits="23" branch="false" />
                <line number="48" hits="23" branch="false" />
                <line number="50" hits="23" branch="false" />
                <line number="52" hits="23" branch="false" />
                <line number="54" hits="23" branch="false" />
                <line number="56" hits="23" branch="false" />
                <line number="57" hits="0" branch="false" />
              </lines>
            </method>
          </methods>
          <lines>
            <line number="12" hits="23" branch="false" />
            <line number="13" hits="23" branch="false" />
            <line number="17" hits="23" branch="false" />
            <line number="19" hits="23" branch="false" />
            <line number="20" hits="23" branch="false" />
            <line number="22" hits="23" branch="false" />
            <line number="23" hits="23" branch="false" />
            <line number="24" hits="46" branch="false" />
            <line number="25" hits="23" branch="false" />
            <line number="26" hits="23" branch="false" />
            <line number="27" hits="46" branch="false" />
            <line number="28" hits="92" branch="false" />
            <line number="29" hits="69" branch="false" />
            <line number="31" hits="23" branch="false" />
            <line number="33" hits="23" branch="false" />
            <line number="34" hits="23" branch="false" />
            <line number="35" hits="23" branch="false" />
            <line number="36" hits="46" branch="false" />
            <line number="38" hits="23" branch="false" />
            <line number="40" hits="23" branch="false" />
            <line number="43" hits="23" branch="false" />
            <line number="44" hits="23" branch="true" condition-coverage="100% (2/2)" />
            <line number="45" hits="23" branch="false" />
            <line number="46" hits="23" branch="false" />
            <line number="47" hits="23" branch="false" />
            <line number="48" hits="23" branch="false" />
            <line number="50" hits="23" branch="false" />
            <line number="52" hits="23" branch="false" />
            <line number="54" hits="23" branch="false" />
            <line number="56" hits="23" branch="false" />
            <line number="57" hits="0" branch="false" />
          </lines>
        </class>
        <class name="Api.Services.Implementation.ClassDataAccessService" filename="C:\Users\Morgan\source\repos\Firefly.BackendTest\Api\Services\Implementation\ClassDataAccessService.cs" line-rate="0.895348837209302" branch-rate="0.833333333333333" complexity="24">
          <methods>
            <method name=".ctor" signature="(...)" line-rate="1" branch-rate="1" complexity="1">
              <lines>
                <line number="13" hits="23" branch="false" />
                <line number="14" hits="23" branch="false" />
                <line number="15" hits="23" branch="false" />
                <line number="16" hits="23" branch="false" />
              </lines>
            </method>
            <method name="AssignClassAsync" signature="()" line-rate="0.869565217391304" branch-rate="0.833333333333333" complexity="8">
              <lines>
                <line number="19" hits="3" branch="false" />
                <line number="20" hits="3" branch="false" />
                <line number="22" hits="3" branch="true" condition-coverage="100% (2/2)" />
                <line number="23" hits="1" branch="false" />
                <line number="24" hits="1" branch="false" />
                <line number="25" hits="1" branch="false" />
                <line number="28" hits="2" branch="false" />
                <line number="30" hits="2" branch="true" condition-coverage="50% (1/2)" />
                <line number="31" hits="0" branch="false" />
                <line number="32" hits="0" branch="false" />
                <line number="33" hits="0" branch="false" />
                <line number="37" hits="7" branch="false" />
                <line number="38" hits="2" branch="false" />
                <line number="39" hits="2" branch="true" condition-coverage="100% (2/2)" />
                <line number="40" hits="1" branch="false" />
                <line number="41" hits="1" branch="false" />
                <line number="42" hits="1" branch="false" />
                <line number="45" hits="1" branch="false" />
                <line number="46" hits="1" branch="false" />
                <line number="48" hits="1" branch="false" />
                <line number="49" hits="1" branch="false" />
                <line number="51" hits="1" branch="false" />
                <line number="52" hits="3" branch="false" />
              </lines>
            </method>
            <method name="CreateClassAsync" signature="()" line-rate="1" branch-rate="1" complexity="1">
              <lines>
                <line number="55" hits="1" branch="false" />
                <line number="56" hits="1" branch="false" />
                <line number="57" hits="1" branch="false" />
                <line number="59" hits="1" branch="false" />
                <line number="60" hits="1" branch="false" />
              </lines>
            </method>
            <method name="CreateStudentAsync" signature="()" line-rate="1" branch-rate="1" complexity="1">
              <lines>
                <line number="63" hits="1" branch="false" />
                <line number="64" hits="1" branch="false" />
                <line number="65" hits="1" branch="false" />
                <line number="67" hits="1" branch="false" />
                <line number="68" hits="1" branch="false" />
              </lines>
            </method>
            <method name="CreateTeacherAsync" signature="()" line-rate="1" branch-rate="1" complexity="1">
              <lines>
                <line number="71" hits="1" branch="false" />
                <line number="72" hits="1" branch="false" />
                <line number="73" hits="1" branch="false" />
                <line number="75" hits="1" branch="false" />
                <line number="76" hits="1" branch="false" />
              </lines>
            </method>
            <method name="EnrollStudentAsync" signature="()" line-rate="0.85" branch-rate="0.833333333333333" complexity="6">
              <lines>
                <line number="79" hits="3" branch="false" />
                <line number="80" hits="3" branch="false" />
                <line number="82" hits="3" branch="true" condition-coverage="100% (2/2)" />
                <line number="83" hits="1" branch="false" />
                <line number="84" hits="1" branch="false" />
                <line number="85" hits="1" branch="false" />
                <line number="88" hits="2" branch="false" />
                <line number="90" hits="2" branch="true" condition-coverage="50% (1/2)" />
                <line number="91" hits="0" branch="false" />
                <line number="92" hits="0" branch="false" />
                <line number="93" hits="0" branch="false" />
                <line number="96" hits="2" branch="true" condition-coverage="100% (2/2)" />
                <line number="97" hits="1" branch="false" />
                <line number="98" hits="1" branch="false" />
                <line number="99" hits="1" branch="false" />
                <line number="102" hits="1" branch="false" />
                <line number="103" hits="1" branch="false" />
                <line number="105" hits="1" branch="false" />
                <line number="107" hits="1" branch="false" />
                <line number="108" hits="3" branch="false" />
              </lines>
            </method>
            <method name="GetClassByIdAsync" signature="()" line-rate="1" branch-rate="1" complexity="2">
              <lines>
                <line number="111" hits="2" branch="false" />
                <line number="112" hits="2" branch="false" />
                <line number="114" hits="2" branch="true" condition-coverage="100% (2/2)" />
                <line number="115" hits="1" branch="false" />
                <line number="116" hits="1" branch="false" />
                <line number="117" hits="1" branch="false" />
                <line number="120" hits="1" branch="false" />
                <line number="121" hits="2" branch="false" />
              </lines>
            </method>
            <method name="GetStudentByIdAsync" signature="()" line-rate="0.625" branch-rate="0.5" complexity="2">
              <lines>
                <line number="124" hits="1" branch="false" />
                <line number="125" hits="1" branch="false" />
                <line number="127" hits="1" branch="true" condition-coverage="50% (1/2)" />
                <line number="128" hits="0" branch="false" />
                <line number="129" hits="0" branch="false" />
                <line number="130" hits="0" branch="false" />
                <line number="133" hits="1" branch="false" />
                <line number="134" hits="1" branch="false" />
              </lines>
            </method>
            <method name="GetTeacherByIdAsync" signature="()" line-rate="1" branch-rate="1" complexity="2">
              <lines>
                <line number="137" hits="2" branch="false" />
                <line number="138" hits="2" branch="false" />
                <line number="140" hits="2" branch="true" condition-coverage="100% (2/2)" />
                <line number="141" hits="1" branch="false" />
                <line number="142" hits="1" branch="false" />
                <line number="143" hits="1" branch="false" />
                <line number="146" hits="1" branch="false" />
                <line number="147" hits="2" branch="false" />
              </lines>
            </method>
          </methods>
          <lines>
            <line number="13" hits="23" branch="false" />
            <line number="14" hits="23" branch="false" />
            <line number="15" hits="23" branch="false" />
            <line number="16" hits="23" branch="false" />
            <line number="19" hits="3" branch="false" />
            <line number="20" hits="3" branch="false" />
            <line number="22" hits="3" branch="true" condition-coverage="100% (2/2)" />
            <line number="23" hits="1" branch="false" />
            <line number="24" hits="1" branch="false" />
            <line number="25" hits="1" branch="false" />
            <line number="28" hits="2" branch="false" />
            <line number="30" hits="2" branch="true" condition-coverage="50% (1/2)" />
            <line number="31" hits="0" branch="false" />
            <line number="32" hits="0" branch="false" />
            <line number="33" hits="0" branch="false" />
            <line number="37" hits="7" branch="false" />
            <line number="38" hits="2" branch="false" />
            <line number="39" hits="2" branch="true" condition-coverage="100% (2/2)" />
            <line number="40" hits="1" branch="false" />
            <line number="41" hits="1" branch="false" />
            <line number="42" hits="1" branch="false" />
            <line number="45" hits="1" branch="false" />
            <line number="46" hits="1" branch="false" />
            <line number="48" hits="1" branch="false" />
            <line number="49" hits="1" branch="false" />
            <line number="51" hits="1" branch="false" />
            <line number="52" hits="3" branch="false" />
            <line number="55" hits="1" branch="false" />
            <line number="56" hits="1" branch="false" />
            <line number="57" hits="1" branch="false" />
            <line number="59" hits="1" branch="false" />
            <line number="60" hits="1" branch="false" />
            <line number="63" hits="1" branch="false" />
            <line number="64" hits="1" branch="false" />
            <line number="65" hits="1" branch="false" />
            <line number="67" hits="1" branch="false" />
            <line number="68" hits="1" branch="false" />
            <line number="71" hits="1" branch="false" />
            <line number="72" hits="1" branch="false" />
            <line number="73" hits="1" branch="false" />
            <line number="75" hits="1" branch="false" />
            <line number="76" hits="1" branch="false" />
            <line number="79" hits="3" branch="false" />
            <line number="80" hits="3" branch="false" />
            <line number="82" hits="3" branch="true" condition-coverage="100% (2/2)" />
            <line number="83" hits="1" branch="false" />
            <line number="84" hits="1" branch="false" />
            <line number="85" hits="1" branch="false" />
            <line number="88" hits="2" branch="false" />
            <line number="90" hits="2" branch="true" condition-coverage="50% (1/2)" />
            <line number="91" hits="0" branch="false" />
            <line number="92" hits="0" branch="false" />
            <line number="93" hits="0" branch="false" />
            <line number="96" hits="2" branch="true" condition-coverage="100% (2/2)" />
            <line number="97" hits="1" branch="false" />
            <line number="98" hits="1" branch="false" />
            <line number="99" hits="1" branch="false" />
            <line number="102" hits="1" branch="false" />
            <line number="103" hits="1" branch="false" />
            <line number="105" hits="1" branch="false" />
            <line number="107" hits="1" branch="false" />
            <line number="108" hits="3" branch="false" />
            <line number="111" hits="2" branch="false" />
            <line number="112" hits="2" branch="false" />
            <line number="114" hits="2" branch="true" condition-coverage="100% (2/2)" />
            <line number="115" hits="1" branch="false" />
            <line number="116" hits="1" branch="false" />
            <line number="117" hits="1" branch="false" />
            <line number="120" hits="1" branch="false" />
            <line number="121" hits="2" branch="false" />
            <line number="124" hits="1" branch="false" />
            <line number="125" hits="1" branch="false" />
            <line number="127" hits="1" branch="true" condition-coverage="50% (1/2)" />
            <line number="128" hits="0" branch="false" />
            <line number="129" hits="0" branch="false" />
            <line number="130" hits="0" branch="false" />
            <line number="133" hits="1" branch="false" />
            <line number="134" hits="1" branch="false" />
            <line number="137" hits="2" branch="false" />
            <line number="138" hits="2" branch="false" />
            <line number="140" hits="2" branch="true" condition-coverage="100% (2/2)" />
            <line number="141" hits="1" branch="false" />
            <line number="142" hits="1" branch="false" />
            <line number="143" hits="1" branch="false" />
            <line number="146" hits="1" branch="false" />
            <line number="147" hits="2" branch="false" />
          </lines>
        </class>
      </classes>
    </package>
    <package name="Database" line-rate="1" branch-rate="1" complexity="4">
      <classes>
        <class name="Database.ApiContext" filename="C:\Users\Morgan\source\repos\Firefly.BackendTest\Database\ApiContext.cs" line-rate="1" branch-rate="1" complexity="4">
          <methods>
            <method name="get_Students" signature="()" line-rate="1" branch-rate="1" complexity="1">
              <lines>
                <line number="14" hits="143" branch="false" />
              </lines>
            </method>
            <method name="get_Classes" signature="()" line-rate="1" branch-rate="1" complexity="1">
              <lines>
                <line number="15" hits="151" branch="false" />
              </lines>
            </method>
            <method name="get_Teachers" signature="()" line-rate="1" branch-rate="1" complexity="1">
              <lines>
                <line number="16" hits="146" branch="false" />
              </lines>
            </method>
            <method name=".ctor" signature="(...)" line-rate="1" branch-rate="1" complexity="1">
              <lines>
                <line number="10" hits="46" branch="false" />
                <line number="11" hits="46" branch="false" />
                <line number="12" hits="46" branch="false" />
              </lines>
            </method>
          </methods>
          <lines>
            <line number="10" hits="46" branch="false" />
            <line number="11" hits="46" branch="false" />
            <line number="12" hits="46" branch="false" />
            <line number="14" hits="143" branch="false" />
            <line number="15" hits="151" branch="false" />
            <line number="16" hits="146" branch="false" />
          </lines>
        </class>
      </classes>
    </package>
    <package name="Domain" line-rate="1" branch-rate="1" complexity="13">
      <classes>
        <class name="Domain.Model.Class" filename="C:\Users\Morgan\source\repos\Firefly.BackendTest\Domain\Model\Class.cs" line-rate="1" branch-rate="1" complexity="5">
          <methods>
            <method name="get_Id" signature="()" line-rate="1" branch-rate="1" complexity="1">
              <lines>
                <line number="10" hits="78" branch="false" />
              </lines>
            </method>
            <method name="get_Name" signature="()" line-rate="1" branch-rate="1" complexity="1">
              <lines>
                <line number="13" hits="78" branch="false" />
              </lines>
            </method>
            <method name="get_Capacity" signature="()" line-rate="1" branch-rate="1" complexity="1">
              <lines>
                <line number="16" hits="81" branch="false" />
              </lines>
            </method>
            <method name="get_Teacher" signature="()" line-rate="1" branch-rate="1" complexity="1">
              <lines>
                <line number="18" hits="7" branch="false" />
              </lines>
            </method>
            <method name="get_Students" signature="()" line-rate="1" branch-rate="1" complexity="1">
              <lines>
                <line number="20" hits="160" branch="false" />
              </lines>
            </method>
          </methods>
          <lines>
            <line number="10" hits="78" branch="false" />
            <line number="13" hits="78" branch="false" />
            <line number="16" hits="81" branch="false" />
            <line number="18" hits="7" branch="false" />
            <line number="20" hits="160" branch="false" />
          </lines>
        </class>
        <class name="Domain.Model.Student" filename="C:\Users\Morgan\source\repos\Firefly.BackendTest\Domain\Model\Student.cs" line-rate="1" branch-rate="1" complexity="4">
          <methods>
            <method name="get_Id" signature="()" line-rate="1" branch-rate="1" complexity="1">
              <lines>
                <line number="10" hits="140" branch="false" />
              </lines>
            </method>
            <method name="get_Name" signature="()" line-rate="1" branch-rate="1" complexity="1">
              <lines>
                <line number="13" hits="142" branch="false" />
              </lines>
            </method>
            <method name="get_Email" signature="()" line-rate="1" branch-rate="1" complexity="1">
              <lines>
                <line number="16" hits="142" branch="false" />
              </lines>
            </method>
            <method name="get_Classes" signature="()" line-rate="1" branch-rate="1" complexity="1">
              <lines>
                <line number="18" hits="284" branch="false" />
              </lines>
            </method>
          </methods>
          <lines>
            <line number="10" hits="140" branch="false" />
            <line number="13" hits="142" branch="false" />
            <line number="16" hits="142" branch="false" />
            <line number="18" hits="284" branch="false" />
          </lines>
        </class>
        <class name="Domain.Model.Teacher" filename="C:\Users\Morgan\source\repos\Firefly.BackendTest\Domain\Model\Teacher.cs" line-rate="1" branch-rate="1" complexity="4">
          <methods>
            <method name="get_Id" signature="()" line-rate="1" branch-rate="1" complexity="1">
              <lines>
                <line number="10" hits="72" branch="false" />
              </lines>
            </method>
            <method name="get_Name" signature="()" line-rate="1" branch-rate="1" complexity="1">
              <lines>
                <line number="13" hits="74" branch="false" />
              </lines>
            </method>
            <method name="get_Email" signature="()" line-rate="1" branch-rate="1" complexity="1">
              <lines>
                <line number="15" hits="74" branch="false" />
              </lines>
            </method>
            <method name="get_Classes" signature="()" line-rate="1" branch-rate="1" complexity="1">
              <lines>
                <line number="17" hits="156" branch="false" />
              </lines>
            </method>
          </methods>
          <lines>
            <line number="10" hits="72" branch="false" />
            <line number="13" hits="74" branch="false" />
            <line number="15" hits="74" branch="false" />
            <line number="17" hits="156" branch="false" />
          </lines>
        </class>
      </classes>
    </package>
  </packages>
</coverage>